<?xml version="1.0" encoding="UTF-8"?>
<testsuite xmlns:xsi="http://www.w3.org/2001/XMLSchema-instance" xsi:noNamespaceSchemaLocation="https://maven.apache.org/surefire/maven-surefire-plugin/xsd/surefire-test-report.xsd" name="dev.arilac.TestSqrSyntaxTree" time="0.799" tests="1" errors="0" skipped="0" failures="0">
  <properties>
    <property name="java.specification.version" value="18"/>
    <property name="sun.cpu.isalist" value="amd64"/>
    <property name="sun.jnu.encoding" value="Cp1252"/>
    <property name="java.class.path" value="C:\Users\arire\Repos\sqrls\sqr-language-server\target\test-classes;C:\Users\arire\Repos\sqrls\sqr-language-server\target\classes;C:\Users\arire\.m2\repository\org\antlr\antlr4-maven-plugin\4.12.0\antlr4-maven-plugin-4.12.0.jar;C:\Users\arire\.m2\repository\org\codehaus\plexus\plexus-compiler-api\2.12.1\plexus-compiler-api-2.12.1.jar;C:\Users\arire\.m2\repository\org\codehaus\plexus\plexus-utils\3.4.2\plexus-utils-3.4.2.jar;C:\Users\arire\.m2\repository\org\sonatype\plexus\plexus-build-api\0.0.7\plexus-build-api-0.0.7.jar;C:\Users\arire\.m2\repository\org\antlr\antlr4\4.12.0\antlr4-4.12.0.jar;C:\Users\arire\.m2\repository\org\antlr\antlr4-runtime\4.12.0\antlr4-runtime-4.12.0.jar;C:\Users\arire\.m2\repository\org\antlr\antlr-runtime\3.5.3\antlr-runtime-3.5.3.jar;C:\Users\arire\.m2\repository\org\antlr\ST4\4.3.4\ST4-4.3.4.jar;C:\Users\arire\.m2\repository\org\abego\treelayout\org.abego.treelayout.core\1.0.3\org.abego.treelayout.core-1.0.3.jar;C:\Users\arire\.m2\repository\com\ibm\icu\icu4j\71.1\icu4j-71.1.jar;C:\Users\arire\.m2\repository\org\slf4j\slf4j-api\2.0.0\slf4j-api-2.0.0.jar;C:\Users\arire\.m2\repository\org\slf4j\slf4j-simple\2.0.0\slf4j-simple-2.0.0.jar;C:\Users\arire\.m2\repository\org\eclipse\lsp4j\org.eclipse.lsp4j\0.14.0\org.eclipse.lsp4j-0.14.0.jar;C:\Users\arire\.m2\repository\org\eclipse\lsp4j\org.eclipse.lsp4j.generator\0.14.0\org.eclipse.lsp4j.generator-0.14.0.jar;C:\Users\arire\.m2\repository\org\eclipse\xtend\org.eclipse.xtend.lib\2.24.0\org.eclipse.xtend.lib-2.24.0.jar;C:\Users\arire\.m2\repository\org\eclipse\xtext\org.eclipse.xtext.xbase.lib\2.24.0\org.eclipse.xtext.xbase.lib-2.24.0.jar;C:\Users\arire\.m2\repository\com\google\guava\guava\27.1-jre\guava-27.1-jre.jar;C:\Users\arire\.m2\repository\com\google\guava\failureaccess\1.0.1\failureaccess-1.0.1.jar;C:\Users\arire\.m2\repository\com\google\guava\listenablefuture\9999.0-empty-to-avoid-conflict-with-guava\listenablefuture-9999.0-empty-to-avoid-conflict-with-guava.jar;C:\Users\arire\.m2\repository\com\google\code\findbugs\jsr305\3.0.2\jsr305-3.0.2.jar;C:\Users\arire\.m2\repository\org\checkerframework\checker-qual\2.5.2\checker-qual-2.5.2.jar;C:\Users\arire\.m2\repository\com\google\errorprone\error_prone_annotations\2.2.0\error_prone_annotations-2.2.0.jar;C:\Users\arire\.m2\repository\com\google\j2objc\j2objc-annotations\1.1\j2objc-annotations-1.1.jar;C:\Users\arire\.m2\repository\org\codehaus\mojo\animal-sniffer-annotations\1.17\animal-sniffer-annotations-1.17.jar;C:\Users\arire\.m2\repository\org\eclipse\xtend\org.eclipse.xtend.lib.macro\2.24.0\org.eclipse.xtend.lib.macro-2.24.0.jar;C:\Users\arire\.m2\repository\org\eclipse\lsp4j\org.eclipse.lsp4j.jsonrpc\0.14.0\org.eclipse.lsp4j.jsonrpc-0.14.0.jar;C:\Users\arire\.m2\repository\com\google\code\gson\gson\2.8.9\gson-2.8.9.jar;C:\Users\arire\.m2\repository\junit\junit\4.11\junit-4.11.jar;C:\Users\arire\.m2\repository\org\hamcrest\hamcrest-core\1.3\hamcrest-core-1.3.jar;"/>
    <property name="java.vm.vendor" value="Oracle Corporation"/>
    <property name="sun.arch.data.model" value="64"/>
    <property name="user.variant" value=""/>
    <property name="java.vendor.url" value="https://java.oracle.com/"/>
    <property name="user.timezone" value="America/Denver"/>
    <property name="os.name" value="Windows 10"/>
    <property name="java.vm.specification.version" value="18"/>
    <property name="sun.java.launcher" value="SUN_STANDARD"/>
    <property name="user.country" value="US"/>
    <property name="sun.boot.library.path" value="C:\Program Files\Java\jdk-18.0.1.1\bin"/>
    <property name="sun.java.command" value="C:\Users\arire\AppData\Local\Temp\surefire1563691046278845268\surefirebooter8126627552313425402.jar C:\Users\arire\AppData\Local\Temp\surefire1563691046278845268 2023-05-14T12-03-19_965-jvmRun1 surefire10934189078834803833tmp surefire_012784619314603506128tmp"/>
    <property name="jdk.debug" value="release"/>
    <property name="surefire.test.class.path" value="C:\Users\arire\Repos\sqrls\sqr-language-server\target\test-classes;C:\Users\arire\Repos\sqrls\sqr-language-server\target\classes;C:\Users\arire\.m2\repository\org\antlr\antlr4-maven-plugin\4.12.0\antlr4-maven-plugin-4.12.0.jar;C:\Users\arire\.m2\repository\org\codehaus\plexus\plexus-compiler-api\2.12.1\plexus-compiler-api-2.12.1.jar;C:\Users\arire\.m2\repository\org\codehaus\plexus\plexus-utils\3.4.2\plexus-utils-3.4.2.jar;C:\Users\arire\.m2\repository\org\sonatype\plexus\plexus-build-api\0.0.7\plexus-build-api-0.0.7.jar;C:\Users\arire\.m2\repository\org\antlr\antlr4\4.12.0\antlr4-4.12.0.jar;C:\Users\arire\.m2\repository\org\antlr\antlr4-runtime\4.12.0\antlr4-runtime-4.12.0.jar;C:\Users\arire\.m2\repository\org\antlr\antlr-runtime\3.5.3\antlr-runtime-3.5.3.jar;C:\Users\arire\.m2\repository\org\antlr\ST4\4.3.4\ST4-4.3.4.jar;C:\Users\arire\.m2\repository\org\abego\treelayout\org.abego.treelayout.core\1.0.3\org.abego.treelayout.core-1.0.3.jar;C:\Users\arire\.m2\repository\com\ibm\icu\icu4j\71.1\icu4j-71.1.jar;C:\Users\arire\.m2\repository\org\slf4j\slf4j-api\2.0.0\slf4j-api-2.0.0.jar;C:\Users\arire\.m2\repository\org\slf4j\slf4j-simple\2.0.0\slf4j-simple-2.0.0.jar;C:\Users\arire\.m2\repository\org\eclipse\lsp4j\org.eclipse.lsp4j\0.14.0\org.eclipse.lsp4j-0.14.0.jar;C:\Users\arire\.m2\repository\org\eclipse\lsp4j\org.eclipse.lsp4j.generator\0.14.0\org.eclipse.lsp4j.generator-0.14.0.jar;C:\Users\arire\.m2\repository\org\eclipse\xtend\org.eclipse.xtend.lib\2.24.0\org.eclipse.xtend.lib-2.24.0.jar;C:\Users\arire\.m2\repository\org\eclipse\xtext\org.eclipse.xtext.xbase.lib\2.24.0\org.eclipse.xtext.xbase.lib-2.24.0.jar;C:\Users\arire\.m2\repository\com\google\guava\guava\27.1-jre\guava-27.1-jre.jar;C:\Users\arire\.m2\repository\com\google\guava\failureaccess\1.0.1\failureaccess-1.0.1.jar;C:\Users\arire\.m2\repository\com\google\guava\listenablefuture\9999.0-empty-to-avoid-conflict-with-guava\listenablefuture-9999.0-empty-to-avoid-conflict-with-guava.jar;C:\Users\arire\.m2\repository\com\google\code\findbugs\jsr305\3.0.2\jsr305-3.0.2.jar;C:\Users\arire\.m2\repository\org\checkerframework\checker-qual\2.5.2\checker-qual-2.5.2.jar;C:\Users\arire\.m2\repository\com\google\errorprone\error_prone_annotations\2.2.0\error_prone_annotations-2.2.0.jar;C:\Users\arire\.m2\repository\com\google\j2objc\j2objc-annotations\1.1\j2objc-annotations-1.1.jar;C:\Users\arire\.m2\repository\org\codehaus\mojo\animal-sniffer-annotations\1.17\animal-sniffer-annotations-1.17.jar;C:\Users\arire\.m2\repository\org\eclipse\xtend\org.eclipse.xtend.lib.macro\2.24.0\org.eclipse.xtend.lib.macro-2.24.0.jar;C:\Users\arire\.m2\repository\org\eclipse\lsp4j\org.eclipse.lsp4j.jsonrpc\0.14.0\org.eclipse.lsp4j.jsonrpc-0.14.0.jar;C:\Users\arire\.m2\repository\com\google\code\gson\gson\2.8.9\gson-2.8.9.jar;C:\Users\arire\.m2\repository\junit\junit\4.11\junit-4.11.jar;C:\Users\arire\.m2\repository\org\hamcrest\hamcrest-core\1.3\hamcrest-core-1.3.jar;"/>
    <property name="sun.cpu.endian" value="little"/>
    <property name="user.home" value="C:\Users\arire"/>
    <property name="user.language" value="en"/>
    <property name="java.specification.vendor" value="Oracle Corporation"/>
    <property name="java.version.date" value="2022-04-22"/>
    <property name="java.home" value="C:\Program Files\Java\jdk-18.0.1.1"/>
    <property name="file.separator" value="\"/>
    <property name="basedir" value="C:\Users\arire\Repos\sqrls\sqr-language-server"/>
    <property name="java.vm.compressedOopsMode" value="Zero based"/>
    <property name="line.separator" value="&#10;"/>
    <property name="java.vm.specification.vendor" value="Oracle Corporation"/>
    <property name="java.specification.name" value="Java Platform API Specification"/>
    <property name="surefire.real.class.path" value="C:\Users\arire\AppData\Local\Temp\surefire1563691046278845268\surefirebooter8126627552313425402.jar"/>
    <property name="user.script" value=""/>
    <property name="sun.management.compiler" value="HotSpot 64-Bit Tiered Compilers"/>
    <property name="java.runtime.version" value="18.0.1.1+2-6"/>
    <property name="user.name" value="arire"/>
    <property name="path.separator" value=";"/>
    <property name="os.version" value="10.0"/>
    <property name="java.runtime.name" value="Java(TM) SE Runtime Environment"/>
    <property name="file.encoding" value="UTF-8"/>
    <property name="java.vm.name" value="Java HotSpot(TM) 64-Bit Server VM"/>
    <property name="localRepository" value="C:\Users\arire\.m2\repository"/>
    <property name="java.vendor.url.bug" value="https://bugreport.java.com/bugreport/"/>
    <property name="java.io.tmpdir" value="C:\Users\arire\AppData\Local\Temp\"/>
    <property name="java.version" value="18.0.1.1"/>
    <property name="user.dir" value="C:\Users\arire\Repos\sqrls\sqr-language-server"/>
    <property name="os.arch" value="amd64"/>
    <property name="java.vm.specification.name" value="Java Virtual Machine Specification"/>
    <property name="sun.os.patch.level" value=""/>
    <property name="native.encoding" value="Cp1252"/>
    <property name="java.library.path" value="C:\Program Files\Java\jdk-18.0.1.1\bin;C:\WINDOWS\Sun\Java\bin;C:\WINDOWS\system32;C:\WINDOWS;C:\Program Files\Microsoft\jdk-11.0.12.7-hotspot\bin;C:\Program Files\Common Files\Oracle\Java\javapath;C:\WINDOWS\system32;C:\WINDOWS;C:\WINDOWS\System32\Wbem;C:\WINDOWS\System32\WindowsPowerShell\v1.0\;C:\WINDOWS\System32\OpenSSH\;C:\Program Files\dotnet\;C:\Program Files\nodejs\;C:\Program Files (x86)\NVIDIA Corporation\PhysX\Common;C:\Program Files\apache-maven-3.8.6\bin;C:\Program Files\NVIDIA Corporation\NVIDIA NvDLISR;C:\WINDOWS\system32;C:\WINDOWS;C:\WINDOWS\System32\Wbem;C:\WINDOWS\System32\WindowsPowerShell\v1.0\;C:\WINDOWS\System32\OpenSSH\;C:\Users\arire\AppData\Local\Packages\PythonSoftwareFoundation.Python.3.10_qbz5n2kfra8p0;;C:\Program Files\Docker\Docker\resources\bin;C:\Python310\python.exe;C:\Users\arire\AppData\Local\Microsoft\WindowsApps;C:\Program Files\Java\jdk-18.0.1.1\bin;C:\Users\arire\AppData\Local\Programs\Git\cmd;C:\Users\arire\AppData\Local\Programs\Microsoft VS Code\bin;C:\Users\arire\AppData\Roaming\npm;C:\Program Files\apache-maven-3.8.6\bin;C:\Users\arire\.dotnet\tools;C:\Program Files (x86)\Nmap;C:\Users\arire\AppData\Local\Packages\PythonSoftwareFoundation.Python.3.10_qbz5n2kfra8p0;C:\Program Files\CMake\bin;C:\Users\arire\AppData\Local\Packages\PythonSoftwareFoundation.Python.3.10_qbz5n2kfra8p0\LocalCache\local-packages\Python310\Scripts;;."/>
    <property name="java.vm.info" value="mixed mode, sharing"/>
    <property name="java.vendor" value="Oracle Corporation"/>
    <property name="java.vm.version" value="18.0.1.1+2-6"/>
    <property name="sun.io.unicode.encoding" value="UnicodeLittle"/>
    <property name="java.class.version" value="62.0"/>
  </properties>
  <testcase name="testLoadsFile" classname="dev.arilac.TestSqrSyntaxTree" time="0.708"/>
</testsuite>